{"level":"info","message":"✅ Bases de datos corriendo en puerto 3000","service":"bases_de_datos","timestamp":"2025-05-26T00:04:18.289Z"}
{"level":"info","message":"Environment: development","service":"bases_de_datos","timestamp":"2025-05-26T00:04:18.293Z"}
{"level":"info","message":"Database host: postgres:5432","service":"bases_de_datos","timestamp":"2025-05-26T00:04:18.293Z"}
{"level":"info","message":"Received kill signal, shutting down gracefully","service":"bases_de_datos","timestamp":"2025-05-26T00:19:13.176Z"}
{"level":"info","message":"Closed out remaining connections","service":"bases_de_datos","timestamp":"2025-05-26T00:19:13.266Z"}
{"level":"info","message":"✅ Bases de datos corriendo en puerto 3000","service":"bases_de_datos","timestamp":"2025-05-26T00:36:16.129Z"}
{"level":"info","message":"Environment: development","service":"bases_de_datos","timestamp":"2025-05-26T00:36:16.133Z"}
{"level":"info","message":"Database host: postgres:5432","service":"bases_de_datos","timestamp":"2025-05-26T00:36:16.133Z"}
{"level":"info","message":"Received kill signal, shutting down gracefully","service":"bases_de_datos","timestamp":"2025-05-26T00:38:45.954Z"}
{"level":"info","message":"Closed out remaining connections","service":"bases_de_datos","timestamp":"2025-05-26T00:38:45.961Z"}
{"level":"info","message":"✅ Bases de datos corriendo en puerto 3000","service":"bases_de_datos","timestamp":"2025-05-26T02:01:30.306Z"}
{"level":"info","message":"Environment: development","service":"bases_de_datos","timestamp":"2025-05-26T02:01:30.310Z"}
{"level":"info","message":"Database host: postgres:5432","service":"bases_de_datos","timestamp":"2025-05-26T02:01:30.310Z"}
{"level":"info","message":"Received kill signal, shutting down gracefully","service":"bases_de_datos","timestamp":"2025-05-26T02:12:41.630Z"}
{"level":"info","message":"Closed out remaining connections","service":"bases_de_datos","timestamp":"2025-05-26T02:12:41.649Z"}
{"level":"info","message":"✅ Bases de datos corriendo en puerto 3000","service":"bases_de_datos","timestamp":"2025-05-26T02:14:19.878Z"}
{"level":"info","message":"Environment: development","service":"bases_de_datos","timestamp":"2025-05-26T02:14:19.884Z"}
{"level":"info","message":"Database host: postgres:5432","service":"bases_de_datos","timestamp":"2025-05-26T02:14:19.885Z"}
{"level":"info","message":"Received kill signal, shutting down gracefully","service":"bases_de_datos","timestamp":"2025-05-26T02:50:23.737Z"}
{"level":"info","message":"Closed out remaining connections","service":"bases_de_datos","timestamp":"2025-05-26T02:50:29.058Z"}
{"level":"info","message":"✅ Bases de datos corriendo en puerto 3000","service":"bases_de_datos","timestamp":"2025-05-26T02:50:40.350Z"}
{"level":"info","message":"Environment: development","service":"bases_de_datos","timestamp":"2025-05-26T02:50:40.357Z"}
{"level":"info","message":"Database host: postgres:5432","service":"bases_de_datos","timestamp":"2025-05-26T02:50:40.359Z"}
{"level":"info","message":"Received kill signal, shutting down gracefully","service":"bases_de_datos","timestamp":"2025-05-26T02:52:40.190Z"}
{"level":"info","message":"Closed out remaining connections","service":"bases_de_datos","timestamp":"2025-05-26T02:52:41.623Z"}
{"level":"info","message":"✅ Bases de datos corriendo en puerto 3000","service":"bases_de_datos","timestamp":"2025-05-26T02:52:49.564Z"}
{"level":"info","message":"Environment: development","service":"bases_de_datos","timestamp":"2025-05-26T02:52:49.568Z"}
{"level":"info","message":"Database host: postgres:5432","service":"bases_de_datos","timestamp":"2025-05-26T02:52:49.569Z"}
{"level":"info","message":"Received kill signal, shutting down gracefully","service":"bases_de_datos","timestamp":"2025-05-26T02:55:04.096Z"}
{"level":"info","message":"Closed out remaining connections","service":"bases_de_datos","timestamp":"2025-05-26T02:55:04.104Z"}
{"level":"info","message":"✅ Bases de datos corriendo en puerto 3000","service":"bases_de_datos","timestamp":"2025-05-26T02:55:24.931Z"}
{"level":"info","message":"Environment: development","service":"bases_de_datos","timestamp":"2025-05-26T02:55:24.935Z"}
{"level":"info","message":"Database host: postgres:5432","service":"bases_de_datos","timestamp":"2025-05-26T02:55:24.935Z"}
{"level":"info","message":"Received kill signal, shutting down gracefully","service":"bases_de_datos","timestamp":"2025-05-26T03:04:53.018Z"}
{"level":"info","message":"✅ Bases de datos corriendo en puerto 3000","service":"bases_de_datos","timestamp":"2025-05-26T03:05:00.411Z"}
{"level":"info","message":"Environment: development","service":"bases_de_datos","timestamp":"2025-05-26T03:05:00.482Z"}
{"level":"info","message":"Database host: postgres:5432","service":"bases_de_datos","timestamp":"2025-05-26T03:05:00.483Z"}
{"level":"info","message":"Received kill signal, shutting down gracefully","service":"bases_de_datos","timestamp":"2025-05-26T03:15:40.841Z"}
{"level":"info","message":"Closed out remaining connections","service":"bases_de_datos","timestamp":"2025-05-26T03:15:40.872Z"}
{"level":"info","message":"✅ Bases de datos corriendo en puerto 3000","service":"bases_de_datos","timestamp":"2025-05-26T03:15:49.916Z"}
{"level":"info","message":"Environment: development","service":"bases_de_datos","timestamp":"2025-05-26T03:15:49.923Z"}
{"level":"info","message":"Database host: postgres:5432","service":"bases_de_datos","timestamp":"2025-05-26T03:15:49.923Z"}
{"level":"info","message":"Received kill signal, shutting down gracefully","service":"bases_de_datos","timestamp":"2025-05-26T03:19:09.776Z"}
{"level":"info","message":"Closed out remaining connections","service":"bases_de_datos","timestamp":"2025-05-26T03:19:09.803Z"}
{"level":"info","message":"✅ Bases de datos corriendo en puerto 3000","service":"bases_de_datos","timestamp":"2025-05-26T03:19:20.766Z"}
{"level":"info","message":"Environment: development","service":"bases_de_datos","timestamp":"2025-05-26T03:19:20.772Z"}
{"level":"info","message":"Database host: postgres:5432","service":"bases_de_datos","timestamp":"2025-05-26T03:19:20.772Z"}
{"level":"info","message":"Received kill signal, shutting down gracefully","service":"bases_de_datos","timestamp":"2025-05-26T04:06:20.670Z"}
{"level":"info","message":"Closed out remaining connections","service":"bases_de_datos","timestamp":"2025-05-26T04:06:26.099Z"}
{"level":"info","message":"✅ Bases de datos corriendo en puerto 3000","service":"bases_de_datos","timestamp":"2025-05-26T04:06:41.575Z"}
{"level":"info","message":"Environment: development","service":"bases_de_datos","timestamp":"2025-05-26T04:06:41.580Z"}
{"level":"info","message":"Database host: postgres:5432","service":"bases_de_datos","timestamp":"2025-05-26T04:06:41.580Z"}
{"duration":500,"ip":"::ffff:192.168.65.1","level":"info","message":"HTTP Request","method":"GET","requestId":"bc2bbf57-cc76-43db-856b-005635d5cced","service":"bases_de_datos","status":200,"timestamp":"2025-05-26T04:06:55.561Z","url":"/api/session-test","userAgent":"curl/8.7.1"}
